[2026-01-07T17:13:38.469Z] [LOG] C:\Users\Admin\AppData\Local\Google\Chrome\User Data\Local State
[2026-01-07T17:13:38.476Z] [LOG] encryptedKey RFBBUEkBAAAA0Iyd3wEV0RGMegDAT8KX6wEAAAAcgSFA2Qu6TYQ9XrGdip58EAAAABwAAABHAG8AbwBnAGwAZQAgAEMAaAByAG8AbQBlAAAAEGYAAAABAAAgAAAAVeyoRedINeWcK9ngahWfB7Da2YyZwRPf8bcZHJ9geHsAAAAADoAAAAACAAAgAAAA5WHStPqZ/EJUMBSrmArA3hIBVVWXAZsWhVysHb4LKmUwAAAASYGIE8O1DEoH1ChS2kyg8NjoFm0EfgF+xm7c2oM0H5QmDHoC15BdzFT0yCwupnXhQAAAAN5q8/wwcXbkes6CCQL5q+vzxvXryI2euuytySJkwZyKl+LVsKvdqIeWVpBYbtq6/Dhah97QH8SP8f1jYJjFHLw=
[2026-01-07T17:13:41.801Z] [LOG] masterKey {"type":"Buffer","data":[254,161,182,202,64,204,90,40,147,136,23,192,51,233,216,144,29,189,216,79,150,133,216,170,16,2,95,56,226,96,211,30]}
[2026-01-07T17:13:42.055Z] [LOG] C:\Users\Admin\AppData\Local\Microsoft\Edge\User Data\Local State
[2026-01-07T17:13:42.121Z] [LOG] encryptedKey RFBBUEkBAAAA0Iyd3wEV0RGMegDAT8KX6wEAAAAcgSFA2Qu6TYQ9XrGdip58EAAAAB4AAABNAGkAYwByAG8AcwBvAGYAdAAgAEUAZABnAGUAAAAQZgAAAAEAACAAAABe4ajGNnWJhc549l59emahHa6jwlZdzS2FkbTDjqFt2wAAAAAOgAAAAAIAACAAAACDLNVvg3aYbk0SoNA8ONKlb0HJFrFBSYDwx4Qgp/ntrjAAAABKym6VXay1az674zhxIq6ptjB1kJwAT9ykr6n0n8lOYngW+LrmFdOw0Qy0rt5TRhRAAAAAzDarCi/SdRK8eaSitAoLZb/WaYJ8L1Ry+ZRY+gn9CKBRST1wRLMSUvqssuJ1UkcE+0B8OagLCj1tkRTKvgPyVA==
[2026-01-07T17:13:45.883Z] [LOG] masterKey {"type":"Buffer","data":[182,65,12,194,168,5,210,141,234,170,234,126,148,94,150,77,185,252,36,18,99,174,46,6,126,220,128,110,196,216,94,67]}
[2026-01-07T17:13:45.896Z] [LOG] C:\Users\Admin\AppData\Local\Opera Software\Opera Stable\Local State
[2026-01-07T17:13:45.897Z] [LOG] masterKey null
[2026-01-07T17:15:25.984Z] [LOG] C:\Users\Admin\AppData\Local\Google\Chrome\User Data\Local State
[2026-01-07T17:15:25.988Z] [LOG] encryptedKey RFBBUEkBAAAA0Iyd3wEV0RGMegDAT8KX6wEAAAAcgSFA2Qu6TYQ9XrGdip58EAAAABwAAABHAG8AbwBnAGwAZQAgAEMAaAByAG8AbQBlAAAAEGYAAAABAAAgAAAAVeyoRedINeWcK9ngahWfB7Da2YyZwRPf8bcZHJ9geHsAAAAADoAAAAACAAAgAAAA5WHStPqZ/EJUMBSrmArA3hIBVVWXAZsWhVysHb4LKmUwAAAASYGIE8O1DEoH1ChS2kyg8NjoFm0EfgF+xm7c2oM0H5QmDHoC15BdzFT0yCwupnXhQAAAAN5q8/wwcXbkes6CCQL5q+vzxvXryI2euuytySJkwZyKl+LVsKvdqIeWVpBYbtq6/Dhah97QH8SP8f1jYJjFHLw=
[2026-01-07T17:15:26.474Z] [LOG] masterKey {"type":"Buffer","data":[254,161,182,202,64,204,90,40,147,136,23,192,51,233,216,144,29,189,216,79,150,133,216,170,16,2,95,56,226,96,211,30]}
[2026-01-07T17:15:26.484Z] [LOG] C:\Users\Admin\AppData\Local\Microsoft\Edge\User Data\Local State
[2026-01-07T17:15:26.487Z] [LOG] encryptedKey RFBBUEkBAAAA0Iyd3wEV0RGMegDAT8KX6wEAAAAcgSFA2Qu6TYQ9XrGdip58EAAAAB4AAABNAGkAYwByAG8AcwBvAGYAdAAgAEUAZABnAGUAAAAQZgAAAAEAACAAAABe4ajGNnWJhc549l59emahHa6jwlZdzS2FkbTDjqFt2wAAAAAOgAAAAAIAACAAAACDLNVvg3aYbk0SoNA8ONKlb0HJFrFBSYDwx4Qgp/ntrjAAAABKym6VXay1az674zhxIq6ptjB1kJwAT9ykr6n0n8lOYngW+LrmFdOw0Qy0rt5TRhRAAAAAzDarCi/SdRK8eaSitAoLZb/WaYJ8L1Ry+ZRY+gn9CKBRST1wRLMSUvqssuJ1UkcE+0B8OagLCj1tkRTKvgPyVA==
[2026-01-07T17:15:27.063Z] [LOG] masterKey {"type":"Buffer","data":[182,65,12,194,168,5,210,141,234,170,234,126,148,94,150,77,185,252,36,18,99,174,46,6,126,220,128,110,196,216,94,67]}
[2026-01-07T17:15:27.074Z] [LOG] C:\Users\Admin\AppData\Local\Opera Software\Opera Stable\Local State
[2026-01-07T17:15:27.074Z] [LOG] masterKey null
[2026-01-07T17:17:05.694Z] [LOG] C:\Users\Admin\AppData\Local\Google\Chrome\User Data\Local State
[2026-01-07T17:17:05.699Z] [LOG] encryptedKey RFBBUEkBAAAA0Iyd3wEV0RGMegDAT8KX6wEAAAAcgSFA2Qu6TYQ9XrGdip58EAAAABwAAABHAG8AbwBnAGwAZQAgAEMAaAByAG8AbQBlAAAAEGYAAAABAAAgAAAAVeyoRedINeWcK9ngahWfB7Da2YyZwRPf8bcZHJ9geHsAAAAADoAAAAACAAAgAAAA5WHStPqZ/EJUMBSrmArA3hIBVVWXAZsWhVysHb4LKmUwAAAASYGIE8O1DEoH1ChS2kyg8NjoFm0EfgF+xm7c2oM0H5QmDHoC15BdzFT0yCwupnXhQAAAAN5q8/wwcXbkes6CCQL5q+vzxvXryI2euuytySJkwZyKl+LVsKvdqIeWVpBYbtq6/Dhah97QH8SP8f1jYJjFHLw=
[2026-01-07T17:17:06.196Z] [LOG] masterKey {"type":"Buffer","data":[254,161,182,202,64,204,90,40,147,136,23,192,51,233,216,144,29,189,216,79,150,133,216,170,16,2,95,56,226,96,211,30]}
[2026-01-07T17:17:06.207Z] [LOG] C:\Users\Admin\AppData\Local\Microsoft\Edge\User Data\Local State
[2026-01-07T17:17:06.210Z] [LOG] encryptedKey RFBBUEkBAAAA0Iyd3wEV0RGMegDAT8KX6wEAAAAcgSFA2Qu6TYQ9XrGdip58EAAAAB4AAABNAGkAYwByAG8AcwBvAGYAdAAgAEUAZABnAGUAAAAQZgAAAAEAACAAAABe4ajGNnWJhc549l59emahHa6jwlZdzS2FkbTDjqFt2wAAAAAOgAAAAAIAACAAAACDLNVvg3aYbk0SoNA8ONKlb0HJFrFBSYDwx4Qgp/ntrjAAAABKym6VXay1az674zhxIq6ptjB1kJwAT9ykr6n0n8lOYngW+LrmFdOw0Qy0rt5TRhRAAAAAzDarCi/SdRK8eaSitAoLZb/WaYJ8L1Ry+ZRY+gn9CKBRST1wRLMSUvqssuJ1UkcE+0B8OagLCj1tkRTKvgPyVA==
[2026-01-07T17:17:06.719Z] [LOG] masterKey {"type":"Buffer","data":[182,65,12,194,168,5,210,141,234,170,234,126,148,94,150,77,185,252,36,18,99,174,46,6,126,220,128,110,196,216,94,67]}
[2026-01-07T17:17:06.729Z] [LOG] C:\Users\Admin\AppData\Local\Opera Software\Opera Stable\Local State
[2026-01-07T17:17:06.730Z] [LOG] masterKey null
[2026-01-07T17:18:45.747Z] [LOG] C:\Users\Admin\AppData\Local\Google\Chrome\User Data\Local State
[2026-01-07T17:18:45.751Z] [LOG] encryptedKey RFBBUEkBAAAA0Iyd3wEV0RGMegDAT8KX6wEAAAAcgSFA2Qu6TYQ9XrGdip58EAAAABwAAABHAG8AbwBnAGwAZQAgAEMAaAByAG8AbQBlAAAAEGYAAAABAAAgAAAAVeyoRedINeWcK9ngahWfB7Da2YyZwRPf8bcZHJ9geHsAAAAADoAAAAACAAAgAAAA5WHStPqZ/EJUMBSrmArA3hIBVVWXAZsWhVysHb4LKmUwAAAASYGIE8O1DEoH1ChS2kyg8NjoFm0EfgF+xm7c2oM0H5QmDHoC15BdzFT0yCwupnXhQAAAAN5q8/wwcXbkes6CCQL5q+vzxvXryI2euuytySJkwZyKl+LVsKvdqIeWVpBYbtq6/Dhah97QH8SP8f1jYJjFHLw=
[2026-01-07T17:18:46.248Z] [LOG] masterKey {"type":"Buffer","data":[254,161,182,202,64,204,90,40,147,136,23,192,51,233,216,144,29,189,216,79,150,133,216,170,16,2,95,56,226,96,211,30]}
[2026-01-07T17:18:46.260Z] [LOG] C:\Users\Admin\AppData\Local\Microsoft\Edge\User Data\Local State
[2026-01-07T17:18:46.262Z] [LOG] encryptedKey RFBBUEkBAAAA0Iyd3wEV0RGMegDAT8KX6wEAAAAcgSFA2Qu6TYQ9XrGdip58EAAAAB4AAABNAGkAYwByAG8AcwBvAGYAdAAgAEUAZABnAGUAAAAQZgAAAAEAACAAAABe4ajGNnWJhc549l59emahHa6jwlZdzS2FkbTDjqFt2wAAAAAOgAAAAAIAACAAAACDLNVvg3aYbk0SoNA8ONKlb0HJFrFBSYDwx4Qgp/ntrjAAAABKym6VXay1az674zhxIq6ptjB1kJwAT9ykr6n0n8lOYngW+LrmFdOw0Qy0rt5TRhRAAAAAzDarCi/SdRK8eaSitAoLZb/WaYJ8L1Ry+ZRY+gn9CKBRST1wRLMSUvqssuJ1UkcE+0B8OagLCj1tkRTKvgPyVA==
[2026-01-07T17:18:46.672Z] [LOG] masterKey {"type":"Buffer","data":[182,65,12,194,168,5,210,141,234,170,234,126,148,94,150,77,185,252,36,18,99,174,46,6,126,220,128,110,196,216,94,67]}
[2026-01-07T17:18:46.681Z] [LOG] C:\Users\Admin\AppData\Local\Opera Software\Opera Stable\Local State
[2026-01-07T17:18:46.682Z] [LOG] masterKey null
